<?xml version="1.0" encoding="UTF-8"?>
<testsuite xmlns:xsi="http://www.w3.org/2001/XMLSchema-instance" xsi:noNamespaceSchemaLocation="https://maven.apache.org/surefire/maven-surefire-plugin/xsd/surefire-test-report.xsd" name="JukeboxTests.PlaylistTest" time="0.001" tests="1" errors="0" skipped="0" failures="0">
  <properties>
    <property name="java.specification.version" value="17"/>
    <property name="sun.cpu.isalist" value="amd64"/>
    <property name="sun.jnu.encoding" value="Cp1252"/>
    <property name="java.class.path" value="C:\Users\carly\IdeaProjects\Jukebox\target\test-classes;C:\Users\carly\IdeaProjects\Jukebox\target\classes;C:\Users\carly\.m2\repository\org\junit\jupiter\junit-jupiter\5.8.0\junit-jupiter-5.8.0.jar;C:\Users\carly\.m2\repository\org\junit\jupiter\junit-jupiter-api\5.8.0\junit-jupiter-api-5.8.0.jar;C:\Users\carly\.m2\repository\org\opentest4j\opentest4j\1.2.0\opentest4j-1.2.0.jar;C:\Users\carly\.m2\repository\org\junit\platform\junit-platform-commons\1.8.0\junit-platform-commons-1.8.0.jar;C:\Users\carly\.m2\repository\org\junit\jupiter\junit-jupiter-params\5.8.0\junit-jupiter-params-5.8.0.jar;C:\Users\carly\.m2\repository\org\junit\jupiter\junit-jupiter-engine\5.8.0\junit-jupiter-engine-5.8.0.jar;C:\Users\carly\.m2\repository\org\junit\platform\junit-platform-engine\1.8.0\junit-platform-engine-1.8.0.jar;C:\Users\carly\.m2\repository\org\jacoco\jacoco-maven-plugin\0.8.7\jacoco-maven-plugin-0.8.7.jar;C:\Users\carly\.m2\repository\org\apache\maven\maven-plugin-api\3.0\maven-plugin-api-3.0.jar;C:\Users\carly\.m2\repository\org\apache\maven\maven-model\3.0\maven-model-3.0.jar;C:\Users\carly\.m2\repository\org\apache\maven\maven-artifact\3.0\maven-artifact-3.0.jar;C:\Users\carly\.m2\repository\org\sonatype\sisu\sisu-inject-plexus\1.4.2\sisu-inject-plexus-1.4.2.jar;C:\Users\carly\.m2\repository\org\sonatype\sisu\sisu-inject-bean\1.4.2\sisu-inject-bean-1.4.2.jar;C:\Users\carly\.m2\repository\org\sonatype\sisu\sisu-guice\2.1.7\sisu-guice-2.1.7-noaop.jar;C:\Users\carly\.m2\repository\org\apache\maven\maven-core\3.0\maven-core-3.0.jar;C:\Users\carly\.m2\repository\org\apache\maven\maven-settings\3.0\maven-settings-3.0.jar;C:\Users\carly\.m2\repository\org\apache\maven\maven-settings-builder\3.0\maven-settings-builder-3.0.jar;C:\Users\carly\.m2\repository\org\apache\maven\maven-repository-metadata\3.0\maven-repository-metadata-3.0.jar;C:\Users\carly\.m2\repository\org\apache\maven\maven-model-builder\3.0\maven-model-builder-3.0.jar;C:\Users\carly\.m2\repository\org\apache\maven\maven-aether-provider\3.0\maven-aether-provider-3.0.jar;C:\Users\carly\.m2\repository\org\sonatype\aether\aether-impl\1.7\aether-impl-1.7.jar;C:\Users\carly\.m2\repository\org\sonatype\aether\aether-spi\1.7\aether-spi-1.7.jar;C:\Users\carly\.m2\repository\org\sonatype\aether\aether-api\1.7\aether-api-1.7.jar;C:\Users\carly\.m2\repository\org\sonatype\aether\aether-util\1.7\aether-util-1.7.jar;C:\Users\carly\.m2\repository\org\codehaus\plexus\plexus-interpolation\1.14\plexus-interpolation-1.14.jar;C:\Users\carly\.m2\repository\org\codehaus\plexus\plexus-classworlds\2.2.3\plexus-classworlds-2.2.3.jar;C:\Users\carly\.m2\repository\org\codehaus\plexus\plexus-component-annotations\1.5.5\plexus-component-annotations-1.5.5.jar;C:\Users\carly\.m2\repository\org\sonatype\plexus\plexus-sec-dispatcher\1.3\plexus-sec-dispatcher-1.3.jar;C:\Users\carly\.m2\repository\org\sonatype\plexus\plexus-cipher\1.4\plexus-cipher-1.4.jar;C:\Users\carly\.m2\repository\org\codehaus\plexus\plexus-utils\3.0.22\plexus-utils-3.0.22.jar;C:\Users\carly\.m2\repository\org\apache\maven\shared\file-management\1.2.1\file-management-1.2.1.jar;C:\Users\carly\.m2\repository\org\apache\maven\shared\maven-shared-io\1.1\maven-shared-io-1.1.jar;C:\Users\carly\.m2\repository\org\apache\maven\maven-artifact-manager\2.0.2\maven-artifact-manager-2.0.2.jar;C:\Users\carly\.m2\repository\org\apache\maven\wagon\wagon-provider-api\1.0-alpha-6\wagon-provider-api-1.0-alpha-6.jar;C:\Users\carly\.m2\repository\org\codehaus\plexus\plexus-container-default\1.0-alpha-9\plexus-container-default-1.0-alpha-9.jar;C:\Users\carly\.m2\repository\junit\junit\3.8.1\junit-3.8.1.jar;C:\Users\carly\.m2\repository\classworlds\classworlds\1.1-alpha-2\classworlds-1.1-alpha-2.jar;C:\Users\carly\.m2\repository\org\apache\maven\reporting\maven-reporting-api\3.0\maven-reporting-api-3.0.jar;C:\Users\carly\.m2\repository\org\apache\maven\doxia\doxia-sink-api\1.0\doxia-sink-api-1.0.jar;C:\Users\carly\.m2\repository\org\jacoco\org.jacoco.agent\0.8.7\org.jacoco.agent-0.8.7-runtime.jar;C:\Users\carly\.m2\repository\org\jacoco\org.jacoco.core\0.8.7\org.jacoco.core-0.8.7.jar;C:\Users\carly\.m2\repository\org\ow2\asm\asm\9.1\asm-9.1.jar;C:\Users\carly\.m2\repository\org\ow2\asm\asm-commons\9.1\asm-commons-9.1.jar;C:\Users\carly\.m2\repository\org\ow2\asm\asm-analysis\9.1\asm-analysis-9.1.jar;C:\Users\carly\.m2\repository\org\ow2\asm\asm-tree\9.1\asm-tree-9.1.jar;C:\Users\carly\.m2\repository\org\jacoco\org.jacoco.report\0.8.7\org.jacoco.report-0.8.7.jar;C:\Users\carly\.m2\repository\io\cucumber\cucumber-java\6.10.4\cucumber-java-6.10.4.jar;C:\Users\carly\.m2\repository\io\cucumber\cucumber-core\6.10.4\cucumber-core-6.10.4.jar;C:\Users\carly\.m2\repository\io\cucumber\cucumber-gherkin\6.10.4\cucumber-gherkin-6.10.4.jar;C:\Users\carly\.m2\repository\io\cucumber\cucumber-gherkin-messages\6.10.4\cucumber-gherkin-messages-6.10.4.jar;C:\Users\carly\.m2\repository\io\cucumber\messages\15.0.0\messages-15.0.0.jar;C:\Users\carly\.m2\repository\io\cucumber\tag-expressions\3.0.1\tag-expressions-3.0.1.jar;C:\Users\carly\.m2\repository\io\cucumber\cucumber-expressions\10.3.0\cucumber-expressions-10.3.0.jar;C:\Users\carly\.m2\repository\io\cucumber\datatable\3.5.0\datatable-3.5.0.jar;C:\Users\carly\.m2\repository\io\cucumber\cucumber-plugin\6.10.4\cucumber-plugin-6.10.4.jar;C:\Users\carly\.m2\repository\io\cucumber\docstring\6.10.4\docstring-6.10.4.jar;C:\Users\carly\.m2\repository\io\cucumber\html-formatter\13.0.0\html-formatter-13.0.0.jar;C:\Users\carly\.m2\repository\io\cucumber\create-meta\4.0.0\create-meta-4.0.0.jar;C:\Users\carly\.m2\repository\org\apiguardian\apiguardian-api\1.1.1\apiguardian-api-1.1.1.jar;C:\Users\carly\.m2\repository\org\apache\maven\surefire\surefire-junit4\2.22.0\surefire-junit4-2.22.0.jar;C:\Users\carly\.m2\repository\org\apache\maven\surefire\surefire-api\2.22.0\surefire-api-2.22.0.jar;C:\Users\carly\.m2\repository\org\apache\maven\surefire\surefire-logger-api\2.22.0\surefire-logger-api-2.22.0.jar;C:\Users\carly\.m2\repository\com\racodond\sonarqube\plugin\gherkin\sonar-gherkin-plugin\1.7\sonar-gherkin-plugin-1.7.jar;C:\Users\carly\.m2\repository\com\racodond\sonarqube\plugin\gherkin\gherkin-frontend\1.7\gherkin-frontend-1.7.jar;C:\Users\carly\.m2\repository\commons-lang\commons-lang\2.6\commons-lang-2.6.jar;C:\Users\carly\.m2\repository\org\sonarsource\sslr\sslr-core\1.22\sslr-core-1.22.jar;C:\Users\carly\.m2\repository\com\google\code\findbugs\jsr305\1.3.9\jsr305-1.3.9.jar;C:\Users\carly\.m2\repository\cglib\cglib-nodep\3.2.5\cglib-nodep-3.2.5.jar;C:\Users\carly\.m2\repository\org\sonarsource\sslr-squid-bridge\sslr-squid-bridge\2.6.1\sslr-squid-bridge-2.6.1.jar;C:\Users\carly\.m2\repository\org\picocontainer\picocontainer\2.14.1\picocontainer-2.14.1.jar;C:\Users\carly\.m2\repository\org\slf4j\slf4j-api\1.5.6\slf4j-api-1.5.6.jar;C:\Users\carly\.m2\repository\com\google\guava\guava\23.4-jre\guava-23.4-jre.jar;C:\Users\carly\.m2\repository\com\google\errorprone\error_prone_annotations\2.0.18\error_prone_annotations-2.0.18.jar;C:\Users\carly\.m2\repository\com\google\j2objc\j2objc-annotations\1.1\j2objc-annotations-1.1.jar;C:\Users\carly\.m2\repository\org\codehaus\mojo\animal-sniffer-annotations\1.14\animal-sniffer-annotations-1.14.jar;C:\Users\carly\.m2\repository\com\google\code\gson\gson\2.8.2\gson-2.8.2.jar;C:\Users\carly\.m2\repository\com\racodond\sonarqube\plugin\gherkin\gherkin-checks\1.7\gherkin-checks-1.7.jar;C:\Users\carly\.m2\repository\com\racodond\sonarqube\plugin\gherkin\gherkin-checks-testkit\1.7\gherkin-checks-testkit-1.7.jar;C:\Users\carly\.m2\repository\org\easytesting\fest-assert\1.4\fest-assert-1.4.jar;C:\Users\carly\.m2\repository\org\easytesting\fest-util\1.1.6\fest-util-1.1.6.jar;C:\Users\carly\.m2\repository\org\sonarsource\sonarqube\sonar-plugin-api\5.6\sonar-plugin-api-5.6.jar;C:\Users\carly\.m2\repository\org\codehaus\woodstox\woodstox-core-lgpl\4.4.0\woodstox-core-lgpl-4.4.0.jar;C:\Users\carly\.m2\repository\javax\xml\stream\stax-api\1.0-2\stax-api-1.0-2.jar;C:\Users\carly\.m2\repository\org\codehaus\woodstox\stax2-api\3.1.4\stax2-api-3.1.4.jar;C:\Users\carly\.m2\repository\org\codehaus\staxmate\staxmate\2.0.1\staxmate-2.0.1.jar;C:\Users\carly\.m2\repository\commons-io\commons-io\1.3.2\commons-io-1.3.2.jar;C:\Users\carly\.m2\repository\org\languagetool\language-all\3.5\language-all-3.5.jar;C:\Users\carly\.m2\repository\org\languagetool\language-en\3.5\language-en-3.5.jar;C:\Users\carly\.m2\repository\org\languagetool\languagetool-core\3.5\languagetool-core-3.5.jar;C:\Users\carly\.m2\repository\net\java\dev\jna\jna\4.1.0\jna-4.1.0.jar;C:\Users\carly\.m2\repository\org\carrot2\morfologik-fsa\2.1.0\morfologik-fsa-2.1.0.jar;C:\Users\carly\.m2\repository\org\carrot2\morfologik-fsa-builders\2.1.0\morfologik-fsa-builders-2.1.0.jar;C:\Users\carly\.m2\repository\org\carrot2\morfologik-speller\2.1.0\morfologik-speller-2.1.0.jar;C:\Users\carly\.m2\repository\org\carrot2\morfologik-polish\2.0.0\morfologik-polish-2.0.0.jar;C:\Users\carly\.m2\repository\org\carrot2\morfologik-stemming\2.1.0\morfologik-stemming-2.1.0.jar;C:\Users\carly\.m2\repository\com\carrotsearch\hppc\0.7.1\hppc-0.7.1.jar;C:\Users\carly\.m2\repository\net\loomchild\segment\2.0.0\segment-2.0.0.jar;C:\Users\carly\.m2\repository\commons-logging\commons-logging\1.1.1\commons-logging-1.1.1.jar;C:\Users\carly\.m2\repository\com\optimaize\languagedetector\language-detector\0.5\language-detector-0.5.jar;C:\Users\carly\.m2\repository\net\arnx\jsonic\1.2.11\jsonic-1.2.11.jar;C:\Users\carly\.m2\repository\com\intellij\annotations\12.0\annotations-12.0.jar;C:\Users\carly\.m2\repository\org\apache\lucene\lucene-core\5.2.1\lucene-core-5.2.1.jar;C:\Users\carly\.m2\repository\org\apache\lucene\lucene-backward-codecs\5.2.1\lucene-backward-codecs-5.2.1.jar;C:\Users\carly\.m2\repository\edu\berkeley\nlp\berkeleylm\1.1.2\berkeleylm-1.1.2.jar;C:\Users\carly\.m2\repository\org\apache\opennlp\opennlp-tools\1.6.0\opennlp-tools-1.6.0.jar;C:\Users\carly\.m2\repository\edu\washington\cs\knowitall\opennlp-tokenize-models\1.5\opennlp-tokenize-models-1.5.jar;C:\Users\carly\.m2\repository\edu\washington\cs\knowitall\opennlp-postag-models\1.5\opennlp-postag-models-1.5.jar;C:\Users\carly\.m2\repository\edu\washington\cs\knowitall\opennlp-chunk-models\1.5\opennlp-chunk-models-1.5.jar;C:\Users\carly\.m2\repository\org\languagetool\language-fa\3.5\language-fa-3.5.jar;C:\Users\carly\.m2\repository\org\languagetool\language-fr\3.5\language-fr-3.5.jar;C:\Users\carly\.m2\repository\org\languagetool\hunspell-native-libs\2.9\hunspell-native-libs-2.9.jar;C:\Users\carly\.m2\repository\org\languagetool\language-de\3.5\language-de-3.5.jar;C:\Users\carly\.m2\repository\edu\washington\cs\knowitall\openregex\1.1.1\openregex-1.1.1.jar;C:\Users\carly\.m2\repository\de\danielnaber\jwordsplitter\4.1\jwordsplitter-4.1.jar;C:\Users\carly\.m2\repository\org\languagetool\language-de-DE-x-simple-language\3.5\language-de-DE-x-simple-language-3.5.jar;C:\Users\carly\.m2\repository\org\languagetool\language-pl\3.5\language-pl-3.5.jar;C:\Users\carly\.m2\repository\org\languagetool\language-ca\3.5\language-ca-3.5.jar;C:\Users\carly\.m2\repository\org\languagetool\language-it\3.5\language-it-3.5.jar;C:\Users\carly\.m2\repository\org\languagetool\language-br\3.5\language-br-3.5.jar;C:\Users\carly\.m2\repository\org\languagetool\language-nl\3.5\language-nl-3.5.jar;C:\Users\carly\.m2\repository\org\languagetool\language-pt\3.5\language-pt-3.5.jar;C:\Users\carly\.m2\repository\org\languagetool\language-ru\3.5\language-ru-3.5.jar;C:\Users\carly\.m2\repository\org\languagetool\language-ast\3.5\language-ast-3.5.jar;C:\Users\carly\.m2\repository\org\languagetool\language-be\3.5\language-be-3.5.jar;C:\Users\carly\.m2\repository\org\languagetool\language-zh\3.5\language-zh-3.5.jar;C:\Users\carly\.m2\repository\com\googlecode\ictclas4j\ictclas4j\1.0.1\ictclas4j-1.0.1.jar;C:\Users\carly\.m2\repository\com\google\code\cjftransform\1.0.1\cjftransform-1.0.1.jar;C:\Users\carly\.m2\repository\org\languagetool\language-da\3.5\language-da-3.5.jar;C:\Users\carly\.m2\repository\org\languagetool\language-eo\3.5\language-eo-3.5.jar;C:\Users\carly\.m2\repository\org\languagetool\language-gl\3.5\language-gl-3.5.jar;C:\Users\carly\.m2\repository\org\languagetool\language-el\3.5\language-el-3.5.jar;C:\Users\carly\.m2\repository\org\ioperm\morphology-el\1.0.0\morphology-el-1.0.0.jar;C:\Users\carly\.m2\repository\org\languagetool\language-is\3.5\language-is-3.5.jar;C:\Users\carly\.m2\repository\org\languagetool\language-ja\3.5\language-ja-3.5.jar;C:\Users\carly\.m2\repository\com\google\code\lucene-gosen-ipadic\1.2.1\lucene-gosen-ipadic-1.2.1.jar;C:\Users\carly\.m2\repository\org\languagetool\language-km\3.5\language-km-3.5.jar;C:\Users\carly\.m2\repository\org\languagetool\language-lt\3.5\language-lt-3.5.jar;C:\Users\carly\.m2\repository\org\languagetool\language-ml\3.5\language-ml-3.5.jar;C:\Users\carly\.m2\repository\org\languagetool\language-ro\3.5\language-ro-3.5.jar;C:\Users\carly\.m2\repository\org\languagetool\language-sk\3.5\language-sk-3.5.jar;C:\Users\carly\.m2\repository\org\languagetool\language-sl\3.5\language-sl-3.5.jar;C:\Users\carly\.m2\repository\org\languagetool\language-es\3.5\language-es-3.5.jar;C:\Users\carly\.m2\repository\org\languagetool\language-sv\3.5\language-sv-3.5.jar;C:\Users\carly\.m2\repository\org\languagetool\language-ta\3.5\language-ta-3.5.jar;C:\Users\carly\.m2\repository\org\languagetool\language-tl\3.5\language-tl-3.5.jar;C:\Users\carly\.m2\repository\org\languagetool\language-uk\3.5\language-uk-3.5.jar;"/>
    <property name="java.vm.vendor" value="Oracle Corporation"/>
    <property name="sun.arch.data.model" value="64"/>
    <property name="user.variant" value=""/>
    <property name="java.vendor.url" value="https://java.oracle.com/"/>
    <property name="user.timezone" value="Europe/London"/>
    <property name="os.name" value="Windows 10"/>
    <property name="java.vm.specification.version" value="17"/>
    <property name="sun.java.launcher" value="SUN_STANDARD"/>
    <property name="user.country" value="GB"/>
    <property name="sun.boot.library.path" value="C:\Program Files\Common Files\openjdk-17_windows-x64_bin\jdk-17\bin"/>
    <property name="sun.java.command" value="C:\Users\carly\AppData\Local\Temp\surefire5547173958733164834\surefirebooter13209243436356219449.jar C:\Users\carly\AppData\Local\Temp\surefire5547173958733164834 2021-09-29T13-30-07_498-jvmRun1 surefire4933856941936250817tmp surefire_05394774304186422668tmp"/>
    <property name="jdk.debug" value="release"/>
    <property name="surefire.test.class.path" value="C:\Users\carly\IdeaProjects\Jukebox\target\test-classes;C:\Users\carly\IdeaProjects\Jukebox\target\classes;C:\Users\carly\.m2\repository\org\junit\jupiter\junit-jupiter\5.8.0\junit-jupiter-5.8.0.jar;C:\Users\carly\.m2\repository\org\junit\jupiter\junit-jupiter-api\5.8.0\junit-jupiter-api-5.8.0.jar;C:\Users\carly\.m2\repository\org\opentest4j\opentest4j\1.2.0\opentest4j-1.2.0.jar;C:\Users\carly\.m2\repository\org\junit\platform\junit-platform-commons\1.8.0\junit-platform-commons-1.8.0.jar;C:\Users\carly\.m2\repository\org\junit\jupiter\junit-jupiter-params\5.8.0\junit-jupiter-params-5.8.0.jar;C:\Users\carly\.m2\repository\org\junit\jupiter\junit-jupiter-engine\5.8.0\junit-jupiter-engine-5.8.0.jar;C:\Users\carly\.m2\repository\org\junit\platform\junit-platform-engine\1.8.0\junit-platform-engine-1.8.0.jar;C:\Users\carly\.m2\repository\org\jacoco\jacoco-maven-plugin\0.8.7\jacoco-maven-plugin-0.8.7.jar;C:\Users\carly\.m2\repository\org\apache\maven\maven-plugin-api\3.0\maven-plugin-api-3.0.jar;C:\Users\carly\.m2\repository\org\apache\maven\maven-model\3.0\maven-model-3.0.jar;C:\Users\carly\.m2\repository\org\apache\maven\maven-artifact\3.0\maven-artifact-3.0.jar;C:\Users\carly\.m2\repository\org\sonatype\sisu\sisu-inject-plexus\1.4.2\sisu-inject-plexus-1.4.2.jar;C:\Users\carly\.m2\repository\org\sonatype\sisu\sisu-inject-bean\1.4.2\sisu-inject-bean-1.4.2.jar;C:\Users\carly\.m2\repository\org\sonatype\sisu\sisu-guice\2.1.7\sisu-guice-2.1.7-noaop.jar;C:\Users\carly\.m2\repository\org\apache\maven\maven-core\3.0\maven-core-3.0.jar;C:\Users\carly\.m2\repository\org\apache\maven\maven-settings\3.0\maven-settings-3.0.jar;C:\Users\carly\.m2\repository\org\apache\maven\maven-settings-builder\3.0\maven-settings-builder-3.0.jar;C:\Users\carly\.m2\repository\org\apache\maven\maven-repository-metadata\3.0\maven-repository-metadata-3.0.jar;C:\Users\carly\.m2\repository\org\apache\maven\maven-model-builder\3.0\maven-model-builder-3.0.jar;C:\Users\carly\.m2\repository\org\apache\maven\maven-aether-provider\3.0\maven-aether-provider-3.0.jar;C:\Users\carly\.m2\repository\org\sonatype\aether\aether-impl\1.7\aether-impl-1.7.jar;C:\Users\carly\.m2\repository\org\sonatype\aether\aether-spi\1.7\aether-spi-1.7.jar;C:\Users\carly\.m2\repository\org\sonatype\aether\aether-api\1.7\aether-api-1.7.jar;C:\Users\carly\.m2\repository\org\sonatype\aether\aether-util\1.7\aether-util-1.7.jar;C:\Users\carly\.m2\repository\org\codehaus\plexus\plexus-interpolation\1.14\plexus-interpolation-1.14.jar;C:\Users\carly\.m2\repository\org\codehaus\plexus\plexus-classworlds\2.2.3\plexus-classworlds-2.2.3.jar;C:\Users\carly\.m2\repository\org\codehaus\plexus\plexus-component-annotations\1.5.5\plexus-component-annotations-1.5.5.jar;C:\Users\carly\.m2\repository\org\sonatype\plexus\plexus-sec-dispatcher\1.3\plexus-sec-dispatcher-1.3.jar;C:\Users\carly\.m2\repository\org\sonatype\plexus\plexus-cipher\1.4\plexus-cipher-1.4.jar;C:\Users\carly\.m2\repository\org\codehaus\plexus\plexus-utils\3.0.22\plexus-utils-3.0.22.jar;C:\Users\carly\.m2\repository\org\apache\maven\shared\file-management\1.2.1\file-management-1.2.1.jar;C:\Users\carly\.m2\repository\org\apache\maven\shared\maven-shared-io\1.1\maven-shared-io-1.1.jar;C:\Users\carly\.m2\repository\org\apache\maven\maven-artifact-manager\2.0.2\maven-artifact-manager-2.0.2.jar;C:\Users\carly\.m2\repository\org\apache\maven\wagon\wagon-provider-api\1.0-alpha-6\wagon-provider-api-1.0-alpha-6.jar;C:\Users\carly\.m2\repository\org\codehaus\plexus\plexus-container-default\1.0-alpha-9\plexus-container-default-1.0-alpha-9.jar;C:\Users\carly\.m2\repository\junit\junit\3.8.1\junit-3.8.1.jar;C:\Users\carly\.m2\repository\classworlds\classworlds\1.1-alpha-2\classworlds-1.1-alpha-2.jar;C:\Users\carly\.m2\repository\org\apache\maven\reporting\maven-reporting-api\3.0\maven-reporting-api-3.0.jar;C:\Users\carly\.m2\repository\org\apache\maven\doxia\doxia-sink-api\1.0\doxia-sink-api-1.0.jar;C:\Users\carly\.m2\repository\org\jacoco\org.jacoco.agent\0.8.7\org.jacoco.agent-0.8.7-runtime.jar;C:\Users\carly\.m2\repository\org\jacoco\org.jacoco.core\0.8.7\org.jacoco.core-0.8.7.jar;C:\Users\carly\.m2\repository\org\ow2\asm\asm\9.1\asm-9.1.jar;C:\Users\carly\.m2\repository\org\ow2\asm\asm-commons\9.1\asm-commons-9.1.jar;C:\Users\carly\.m2\repository\org\ow2\asm\asm-analysis\9.1\asm-analysis-9.1.jar;C:\Users\carly\.m2\repository\org\ow2\asm\asm-tree\9.1\asm-tree-9.1.jar;C:\Users\carly\.m2\repository\org\jacoco\org.jacoco.report\0.8.7\org.jacoco.report-0.8.7.jar;C:\Users\carly\.m2\repository\io\cucumber\cucumber-java\6.10.4\cucumber-java-6.10.4.jar;C:\Users\carly\.m2\repository\io\cucumber\cucumber-core\6.10.4\cucumber-core-6.10.4.jar;C:\Users\carly\.m2\repository\io\cucumber\cucumber-gherkin\6.10.4\cucumber-gherkin-6.10.4.jar;C:\Users\carly\.m2\repository\io\cucumber\cucumber-gherkin-messages\6.10.4\cucumber-gherkin-messages-6.10.4.jar;C:\Users\carly\.m2\repository\io\cucumber\messages\15.0.0\messages-15.0.0.jar;C:\Users\carly\.m2\repository\io\cucumber\tag-expressions\3.0.1\tag-expressions-3.0.1.jar;C:\Users\carly\.m2\repository\io\cucumber\cucumber-expressions\10.3.0\cucumber-expressions-10.3.0.jar;C:\Users\carly\.m2\repository\io\cucumber\datatable\3.5.0\datatable-3.5.0.jar;C:\Users\carly\.m2\repository\io\cucumber\cucumber-plugin\6.10.4\cucumber-plugin-6.10.4.jar;C:\Users\carly\.m2\repository\io\cucumber\docstring\6.10.4\docstring-6.10.4.jar;C:\Users\carly\.m2\repository\io\cucumber\html-formatter\13.0.0\html-formatter-13.0.0.jar;C:\Users\carly\.m2\repository\io\cucumber\create-meta\4.0.0\create-meta-4.0.0.jar;C:\Users\carly\.m2\repository\org\apiguardian\apiguardian-api\1.1.1\apiguardian-api-1.1.1.jar;C:\Users\carly\.m2\repository\org\apache\maven\surefire\surefire-junit4\2.22.0\surefire-junit4-2.22.0.jar;C:\Users\carly\.m2\repository\org\apache\maven\surefire\surefire-api\2.22.0\surefire-api-2.22.0.jar;C:\Users\carly\.m2\repository\org\apache\maven\surefire\surefire-logger-api\2.22.0\surefire-logger-api-2.22.0.jar;C:\Users\carly\.m2\repository\com\racodond\sonarqube\plugin\gherkin\sonar-gherkin-plugin\1.7\sonar-gherkin-plugin-1.7.jar;C:\Users\carly\.m2\repository\com\racodond\sonarqube\plugin\gherkin\gherkin-frontend\1.7\gherkin-frontend-1.7.jar;C:\Users\carly\.m2\repository\commons-lang\commons-lang\2.6\commons-lang-2.6.jar;C:\Users\carly\.m2\repository\org\sonarsource\sslr\sslr-core\1.22\sslr-core-1.22.jar;C:\Users\carly\.m2\repository\com\google\code\findbugs\jsr305\1.3.9\jsr305-1.3.9.jar;C:\Users\carly\.m2\repository\cglib\cglib-nodep\3.2.5\cglib-nodep-3.2.5.jar;C:\Users\carly\.m2\repository\org\sonarsource\sslr-squid-bridge\sslr-squid-bridge\2.6.1\sslr-squid-bridge-2.6.1.jar;C:\Users\carly\.m2\repository\org\picocontainer\picocontainer\2.14.1\picocontainer-2.14.1.jar;C:\Users\carly\.m2\repository\org\slf4j\slf4j-api\1.5.6\slf4j-api-1.5.6.jar;C:\Users\carly\.m2\repository\com\google\guava\guava\23.4-jre\guava-23.4-jre.jar;C:\Users\carly\.m2\repository\com\google\errorprone\error_prone_annotations\2.0.18\error_prone_annotations-2.0.18.jar;C:\Users\carly\.m2\repository\com\google\j2objc\j2objc-annotations\1.1\j2objc-annotations-1.1.jar;C:\Users\carly\.m2\repository\org\codehaus\mojo\animal-sniffer-annotations\1.14\animal-sniffer-annotations-1.14.jar;C:\Users\carly\.m2\repository\com\google\code\gson\gson\2.8.2\gson-2.8.2.jar;C:\Users\carly\.m2\repository\com\racodond\sonarqube\plugin\gherkin\gherkin-checks\1.7\gherkin-checks-1.7.jar;C:\Users\carly\.m2\repository\com\racodond\sonarqube\plugin\gherkin\gherkin-checks-testkit\1.7\gherkin-checks-testkit-1.7.jar;C:\Users\carly\.m2\repository\org\easytesting\fest-assert\1.4\fest-assert-1.4.jar;C:\Users\carly\.m2\repository\org\easytesting\fest-util\1.1.6\fest-util-1.1.6.jar;C:\Users\carly\.m2\repository\org\sonarsource\sonarqube\sonar-plugin-api\5.6\sonar-plugin-api-5.6.jar;C:\Users\carly\.m2\repository\org\codehaus\woodstox\woodstox-core-lgpl\4.4.0\woodstox-core-lgpl-4.4.0.jar;C:\Users\carly\.m2\repository\javax\xml\stream\stax-api\1.0-2\stax-api-1.0-2.jar;C:\Users\carly\.m2\repository\org\codehaus\woodstox\stax2-api\3.1.4\stax2-api-3.1.4.jar;C:\Users\carly\.m2\repository\org\codehaus\staxmate\staxmate\2.0.1\staxmate-2.0.1.jar;C:\Users\carly\.m2\repository\commons-io\commons-io\1.3.2\commons-io-1.3.2.jar;C:\Users\carly\.m2\repository\org\languagetool\language-all\3.5\language-all-3.5.jar;C:\Users\carly\.m2\repository\org\languagetool\language-en\3.5\language-en-3.5.jar;C:\Users\carly\.m2\repository\org\languagetool\languagetool-core\3.5\languagetool-core-3.5.jar;C:\Users\carly\.m2\repository\net\java\dev\jna\jna\4.1.0\jna-4.1.0.jar;C:\Users\carly\.m2\repository\org\carrot2\morfologik-fsa\2.1.0\morfologik-fsa-2.1.0.jar;C:\Users\carly\.m2\repository\org\carrot2\morfologik-fsa-builders\2.1.0\morfologik-fsa-builders-2.1.0.jar;C:\Users\carly\.m2\repository\org\carrot2\morfologik-speller\2.1.0\morfologik-speller-2.1.0.jar;C:\Users\carly\.m2\repository\org\carrot2\morfologik-polish\2.0.0\morfologik-polish-2.0.0.jar;C:\Users\carly\.m2\repository\org\carrot2\morfologik-stemming\2.1.0\morfologik-stemming-2.1.0.jar;C:\Users\carly\.m2\repository\com\carrotsearch\hppc\0.7.1\hppc-0.7.1.jar;C:\Users\carly\.m2\repository\net\loomchild\segment\2.0.0\segment-2.0.0.jar;C:\Users\carly\.m2\repository\commons-logging\commons-logging\1.1.1\commons-logging-1.1.1.jar;C:\Users\carly\.m2\repository\com\optimaize\languagedetector\language-detector\0.5\language-detector-0.5.jar;C:\Users\carly\.m2\repository\net\arnx\jsonic\1.2.11\jsonic-1.2.11.jar;C:\Users\carly\.m2\repository\com\intellij\annotations\12.0\annotations-12.0.jar;C:\Users\carly\.m2\repository\org\apache\lucene\lucene-core\5.2.1\lucene-core-5.2.1.jar;C:\Users\carly\.m2\repository\org\apache\lucene\lucene-backward-codecs\5.2.1\lucene-backward-codecs-5.2.1.jar;C:\Users\carly\.m2\repository\edu\berkeley\nlp\berkeleylm\1.1.2\berkeleylm-1.1.2.jar;C:\Users\carly\.m2\repository\org\apache\opennlp\opennlp-tools\1.6.0\opennlp-tools-1.6.0.jar;C:\Users\carly\.m2\repository\edu\washington\cs\knowitall\opennlp-tokenize-models\1.5\opennlp-tokenize-models-1.5.jar;C:\Users\carly\.m2\repository\edu\washington\cs\knowitall\opennlp-postag-models\1.5\opennlp-postag-models-1.5.jar;C:\Users\carly\.m2\repository\edu\washington\cs\knowitall\opennlp-chunk-models\1.5\opennlp-chunk-models-1.5.jar;C:\Users\carly\.m2\repository\org\languagetool\language-fa\3.5\language-fa-3.5.jar;C:\Users\carly\.m2\repository\org\languagetool\language-fr\3.5\language-fr-3.5.jar;C:\Users\carly\.m2\repository\org\languagetool\hunspell-native-libs\2.9\hunspell-native-libs-2.9.jar;C:\Users\carly\.m2\repository\org\languagetool\language-de\3.5\language-de-3.5.jar;C:\Users\carly\.m2\repository\edu\washington\cs\knowitall\openregex\1.1.1\openregex-1.1.1.jar;C:\Users\carly\.m2\repository\de\danielnaber\jwordsplitter\4.1\jwordsplitter-4.1.jar;C:\Users\carly\.m2\repository\org\languagetool\language-de-DE-x-simple-language\3.5\language-de-DE-x-simple-language-3.5.jar;C:\Users\carly\.m2\repository\org\languagetool\language-pl\3.5\language-pl-3.5.jar;C:\Users\carly\.m2\repository\org\languagetool\language-ca\3.5\language-ca-3.5.jar;C:\Users\carly\.m2\repository\org\languagetool\language-it\3.5\language-it-3.5.jar;C:\Users\carly\.m2\repository\org\languagetool\language-br\3.5\language-br-3.5.jar;C:\Users\carly\.m2\repository\org\languagetool\language-nl\3.5\language-nl-3.5.jar;C:\Users\carly\.m2\repository\org\languagetool\language-pt\3.5\language-pt-3.5.jar;C:\Users\carly\.m2\repository\org\languagetool\language-ru\3.5\language-ru-3.5.jar;C:\Users\carly\.m2\repository\org\languagetool\language-ast\3.5\language-ast-3.5.jar;C:\Users\carly\.m2\repository\org\languagetool\language-be\3.5\language-be-3.5.jar;C:\Users\carly\.m2\repository\org\languagetool\language-zh\3.5\language-zh-3.5.jar;C:\Users\carly\.m2\repository\com\googlecode\ictclas4j\ictclas4j\1.0.1\ictclas4j-1.0.1.jar;C:\Users\carly\.m2\repository\com\google\code\cjftransform\1.0.1\cjftransform-1.0.1.jar;C:\Users\carly\.m2\repository\org\languagetool\language-da\3.5\language-da-3.5.jar;C:\Users\carly\.m2\repository\org\languagetool\language-eo\3.5\language-eo-3.5.jar;C:\Users\carly\.m2\repository\org\languagetool\language-gl\3.5\language-gl-3.5.jar;C:\Users\carly\.m2\repository\org\languagetool\language-el\3.5\language-el-3.5.jar;C:\Users\carly\.m2\repository\org\ioperm\morphology-el\1.0.0\morphology-el-1.0.0.jar;C:\Users\carly\.m2\repository\org\languagetool\language-is\3.5\language-is-3.5.jar;C:\Users\carly\.m2\repository\org\languagetool\language-ja\3.5\language-ja-3.5.jar;C:\Users\carly\.m2\repository\com\google\code\lucene-gosen-ipadic\1.2.1\lucene-gosen-ipadic-1.2.1.jar;C:\Users\carly\.m2\repository\org\languagetool\language-km\3.5\language-km-3.5.jar;C:\Users\carly\.m2\repository\org\languagetool\language-lt\3.5\language-lt-3.5.jar;C:\Users\carly\.m2\repository\org\languagetool\language-ml\3.5\language-ml-3.5.jar;C:\Users\carly\.m2\repository\org\languagetool\language-ro\3.5\language-ro-3.5.jar;C:\Users\carly\.m2\repository\org\languagetool\language-sk\3.5\language-sk-3.5.jar;C:\Users\carly\.m2\repository\org\languagetool\language-sl\3.5\language-sl-3.5.jar;C:\Users\carly\.m2\repository\org\languagetool\language-es\3.5\language-es-3.5.jar;C:\Users\carly\.m2\repository\org\languagetool\language-sv\3.5\language-sv-3.5.jar;C:\Users\carly\.m2\repository\org\languagetool\language-ta\3.5\language-ta-3.5.jar;C:\Users\carly\.m2\repository\org\languagetool\language-tl\3.5\language-tl-3.5.jar;C:\Users\carly\.m2\repository\org\languagetool\language-uk\3.5\language-uk-3.5.jar;"/>
    <property name="sun.cpu.endian" value="little"/>
    <property name="user.home" value="C:\Users\carly"/>
    <property name="user.language" value="en"/>
    <property name="java.specification.vendor" value="Oracle Corporation"/>
    <property name="java.version.date" value="2021-09-14"/>
    <property name="java.home" value="C:\Program Files\Common Files\openjdk-17_windows-x64_bin\jdk-17"/>
    <property name="file.separator" value="\"/>
    <property name="basedir" value="C:\Users\carly\IdeaProjects\Jukebox"/>
    <property name="java.vm.compressedOopsMode" value="Zero based"/>
    <property name="line.separator" value="&#10;"/>
    <property name="java.vm.specification.vendor" value="Oracle Corporation"/>
    <property name="java.specification.name" value="Java Platform API Specification"/>
    <property name="surefire.real.class.path" value="C:\Users\carly\AppData\Local\Temp\surefire5547173958733164834\surefirebooter13209243436356219449.jar"/>
    <property name="user.script" value=""/>
    <property name="sun.management.compiler" value="HotSpot 64-Bit Tiered Compilers"/>
    <property name="java.runtime.version" value="17+35-2724"/>
    <property name="user.name" value="carly"/>
    <property name="path.separator" value=";"/>
    <property name="os.version" value="10.0"/>
    <property name="java.runtime.name" value="OpenJDK Runtime Environment"/>
    <property name="file.encoding" value="Cp1252"/>
    <property name="java.vm.name" value="OpenJDK 64-Bit Server VM"/>
    <property name="localRepository" value="C:\Users\carly\.m2\repository"/>
    <property name="java.vendor.url.bug" value="https://bugreport.java.com/bugreport/"/>
    <property name="java.io.tmpdir" value="C:\Users\carly\AppData\Local\Temp\"/>
    <property name="java.version" value="17"/>
    <property name="user.dir" value="C:\Users\carly\IdeaProjects\Jukebox"/>
    <property name="os.arch" value="amd64"/>
    <property name="java.vm.specification.name" value="Java Virtual Machine Specification"/>
    <property name="sun.os.patch.level" value=""/>
    <property name="native.encoding" value="Cp1252"/>
    <property name="java.library.path" value="C:\Program Files\Common Files\openjdk-17_windows-x64_bin\jdk-17\bin;C:\WINDOWS\Sun\Java\bin;C:\WINDOWS\system32;C:\WINDOWS;C:\Windows\system32;C:\Windows;C:\Windows\System32\Wbem;C:\Windows\System32\WindowsPowerShell\v1.0\;C:\Program Files (x86)\Windows Live\Shared;C:\WINDOWS\system32;C:\WINDOWS;C:\WINDOWS\System32\Wbem;C:\WINDOWS\System32\WindowsPowerShell\v1.0\;C:\WINDOWS\System32\OpenSSH\;C:\Program Files (x86)\NVIDIA Corporation\PhysX\Common;C:\Program Files\NVIDIA Corporation\NVIDIA NvDLISR;C:\Program Files\Git\cmd;C:\Program Files\Docker\Docker\resources\bin;C:\ProgramData\DockerDesktop\version-bin;C:\Program Files\nodejs\;C:\Users\carly\apache-maven-3.8.2-bin\apache-maven-3.8.2\bin;C:\Program Files\Common Files\openjdk-17_windows-x64_bin\jdk-17\bin;C:\Users\carly\AppData\Local\Microsoft\WindowsApps;C:\Users\carly\AppData\Local\Programs\Microsoft VS Code\bin;C:\Program Files\mingw-w64\x86_64-8.1.0-posix-seh-rt_v6-rev0\mingw64\bin;C:\Users\carly\AppData\Roaming\npm;."/>
    <property name="java.vm.info" value="mixed mode, sharing"/>
    <property name="java.vendor" value="Oracle Corporation"/>
    <property name="java.vm.version" value="17+35-2724"/>
    <property name="sun.io.unicode.encoding" value="UnicodeLittle"/>
    <property name="java.class.version" value="61.0"/>
  </properties>
  <testcase name="testPlaylistSongs" classname="JukeboxTests.PlaylistTest" time="0.001"/>
</testsuite>